Determining if the pthread_create exist failed with the following output:
Change Dir: /home/hedejin/Homework/Graph/p1/build/CMakeFiles/CMakeTmp

Run Build Command:/usr/bin/make "cmTryCompileExec1624245370/fast"
/usr/bin/make -f CMakeFiles/cmTryCompileExec1624245370.dir/build.make CMakeFiles/cmTryCompileExec1624245370.dir/build
make[1]: Entering directory `/home/hedejin/Homework/Graph/p1/build/CMakeFiles/CMakeTmp'
/usr/bin/cmake -E cmake_progress_report /home/hedejin/Homework/Graph/p1/build/CMakeFiles/CMakeTmp/CMakeFiles 1
Building C object CMakeFiles/cmTryCompileExec1624245370.dir/CheckSymbolExists.c.o
/usr/bin/cc    -o CMakeFiles/cmTryCompileExec1624245370.dir/CheckSymbolExists.c.o   -c /home/hedejin/Homework/Graph/p1/build/CMakeFiles/CMakeTmp/CheckSymbolExists.c
Linking C executable cmTryCompileExec1624245370
/usr/bin/cmake -E cmake_link_script CMakeFiles/cmTryCompileExec1624245370.dir/link.txt --verbose=1
/usr/bin/cc       CMakeFiles/cmTryCompileExec1624245370.dir/CheckSymbolExists.c.o  -o cmTryCompileExec1624245370 -rdynamic 
CMakeFiles/cmTryCompileExec1624245370.dir/CheckSymbolExists.c.o: In function `main':
CheckSymbolExists.c:(.text+0x16): undefined reference to `pthread_create'
collect2: error: ld returned 1 exit status
make[1]: *** [cmTryCompileExec1624245370] Error 1
make[1]: Leaving directory `/home/hedejin/Homework/Graph/p1/build/CMakeFiles/CMakeTmp'
make: *** [cmTryCompileExec1624245370/fast] Error 2

File /home/hedejin/Homework/Graph/p1/build/CMakeFiles/CMakeTmp/CheckSymbolExists.c:
/* */
#include <pthread.h>

int main(int argc, char** argv)
{
  (void)argv;
#ifndef pthread_create
  return ((int*)(&pthread_create))[argc];
#else
  (void)argc;
  return 0;
#endif
}

Determining if the function pthread_create exists in the pthreads failed with the following output:
Change Dir: /home/hedejin/Homework/Graph/p1/build/CMakeFiles/CMakeTmp

Run Build Command:/usr/bin/make "cmTryCompileExec400236466/fast"
/usr/bin/make -f CMakeFiles/cmTryCompileExec400236466.dir/build.make CMakeFiles/cmTryCompileExec400236466.dir/build
make[1]: Entering directory `/home/hedejin/Homework/Graph/p1/build/CMakeFiles/CMakeTmp'
/usr/bin/cmake -E cmake_progress_report /home/hedejin/Homework/Graph/p1/build/CMakeFiles/CMakeTmp/CMakeFiles 1
Building C object CMakeFiles/cmTryCompileExec400236466.dir/CheckFunctionExists.c.o
/usr/bin/cc   -DCHECK_FUNCTION_EXISTS=pthread_create   -o CMakeFiles/cmTryCompileExec400236466.dir/CheckFunctionExists.c.o   -c /usr/share/cmake-2.8/Modules/CheckFunctionExists.c
Linking C executable cmTryCompileExec400236466
/usr/bin/cmake -E cmake_link_script CMakeFiles/cmTryCompileExec400236466.dir/link.txt --verbose=1
/usr/bin/cc   -DCHECK_FUNCTION_EXISTS=pthread_create    CMakeFiles/cmTryCompileExec400236466.dir/CheckFunctionExists.c.o  -o cmTryCompileExec400236466 -rdynamic -lpthreads 
/usr/bin/ld: cannot find -lpthreads
collect2: error: ld returned 1 exit status
make[1]: Leaving directory `/home/hedejin/Homework/Graph/p1/build/CMakeFiles/CMakeTmp'
make[1]: *** [cmTryCompileExec400236466] Error 1
make: *** [cmTryCompileExec400236466/fast] Error 2


